<?xml version="1.0" encoding="UTF-8"?>
<testng-results ignored="0" total="1" passed="1" failed="0" skipped="0">
  <reporter-output>
  </reporter-output>
  <suite started-at="2022-01-20T18:27:08 CST" name="Default suite" finished-at="2022-01-20T18:27:11 CST" duration-ms="3742">
    <groups>
    </groups>
    <test started-at="2022-01-20T18:27:08 CST" name="Default test" finished-at="2022-01-20T18:27:11 CST" duration-ms="3742">
      <class name="DS_Algo_TestMethods.Getstarted">
        <test-method is-config="true" signature="driverSetup()[pri:0, instance:DS_Algo_TestMethods.Getstarted@6069db50]" started-at="2022-01-20T18:27:08 CST" name="driverSetup" finished-at="2022-01-20T18:27:10 CST" duration-ms="2125" status="PASS">
          <reporter-output>
          </reporter-output>
        </test-method> <!-- driverSetup -->
        <test-method signature="Getstarted()[pri:0, instance:DS_Algo_TestMethods.Getstarted@6069db50]" started-at="2022-01-20T18:27:10 CST" name="Getstarted" finished-at="2022-01-20T18:27:11 CST" duration-ms="1589" status="PASS">
          <reporter-output>
          </reporter-output>
        </test-method> <!-- Getstarted -->
      </class> <!-- DS_Algo_TestMethods.Getstarted -->
    </test> <!-- Default test -->
  </suite> <!-- Default suite -->
</testng-results>
